::1 - - [20/Jan/2023:19:40:52 +0000] "GET / HTTP/1.1" 304 -
::1 - - [20/Jan/2023:19:40:52 +0000] "GET /stylesheets/style.css HTTP/1.1" 304 -
::1 - - [20/Jan/2023:19:40:57 +0000] "GET /api/add_cookie HTTP/1.1" 302 46
::1 - - [20/Jan/2023:19:40:57 +0000] "GET / HTTP/1.1" 304 -
::1 - - [20/Jan/2023:19:40:57 +0000] "GET /stylesheets/style.css HTTP/1.1" 304 -
::1 - - [20/Jan/2023:19:42:00 +0000] "GET / HTTP/1.1" 304 -
::1 - - [20/Jan/2023:19:42:00 +0000] "GET /stylesheets/style.css HTTP/1.1" 304 -
::1 - - [20/Jan/2023:19:42:08 +0000] "GET /api/add_cookie HTTP/1.1" 302 46
::1 - - [20/Jan/2023:19:42:08 +0000] "GET / HTTP/1.1" 304 -
::1 - - [20/Jan/2023:19:42:08 +0000] "GET /stylesheets/style.css HTTP/1.1" 304 -
::1 - - [20/Jan/2023:19:45:51 +0000] "GET /api/add_cookie HTTP/1.1" 302 46
::1 - - [20/Jan/2023:19:45:51 +0000] "GET / HTTP/1.1" 304 -
::1 - - [20/Jan/2023:19:45:51 +0000] "GET /stylesheets/style.css HTTP/1.1" 304 -
::1 - - [20/Jan/2023:19:46:10 +0000] "GET / HTTP/1.1" 304 -
::1 - - [20/Jan/2023:19:46:10 +0000] "GET /stylesheets/style.css HTTP/1.1" 304 -
::1 - - [20/Jan/2023:19:46:15 +0000] "GET /api/add_cookie HTTP/1.1" 500 46
::1 - - [20/Jan/2023:19:46:15 +0000] "GET / HTTP/1.1" 304 -
::1 - - [20/Jan/2023:19:46:15 +0000] "GET /stylesheets/style.css HTTP/1.1" 304 -
::1 - - [20/Jan/2023:19:46:29 +0000] "GET / HTTP/1.1" 304 -
::1 - - [20/Jan/2023:19:46:29 +0000] "GET /stylesheets/style.css HTTP/1.1" 304 -
::1 - - [20/Jan/2023:19:46:54 +0000] "GET / HTTP/1.1" 304 -
::1 - - [20/Jan/2023:19:46:54 +0000] "GET /stylesheets/style.css HTTP/1.1" 304 -
::1 - - [20/Jan/2023:19:46:57 +0000] "GET /api/add_cookie HTTP/1.1" 500 46
::ffff:127.0.0.1 - - [20/Jan/2023:19:46:57 +0000] "GET / HTTP/1.1" 304 -
::ffff:127.0.0.1 - - [20/Jan/2023:19:46:57 +0000] "GET /stylesheets/style.css HTTP/1.1" 304 -
::1 - - [20/Jan/2023:19:47:26 +0000] "GET / HTTP/1.1" 304 -
::1 - - [20/Jan/2023:19:47:26 +0000] "GET /stylesheets/style.css HTTP/1.1" 304 -
::1 - - [20/Jan/2023:19:47:31 +0000] "GET /api/add_cookie HTTP/1.1" 500 1052
::1 - - [20/Jan/2023:19:47:47 +0000] "GET /api/add_cookie HTTP/1.1" 404 978
::1 - - [20/Jan/2023:19:47:50 +0000] "GET / HTTP/1.1" 304 -
::1 - - [20/Jan/2023:19:47:50 +0000] "GET /stylesheets/style.css HTTP/1.1" 304 -
::1 - - [20/Jan/2023:19:47:54 +0000] "GET /api/add_cookie HTTP/1.1" 404 978
::1 - - [20/Jan/2023:19:48:29 +0000] "GET /api/add_cookie HTTP/1.1" 404 978
::1 - - [20/Jan/2023:19:50:02 +0000] "GET /api/add_cookie HTTP/1.1" 404 978
::1 - - [20/Jan/2023:19:50:04 +0000] "GET /api/add_cookie HTTP/1.1" 404 978
::1 - - [20/Jan/2023:19:50:27 +0000] "GET /api/add_cookie HTTP/1.1" 404 153
::1 - - [20/Jan/2023:19:50:48 +0000] "GET /api/add_cookie HTTP/1.1" 404 978
::1 - - [20/Jan/2023:19:50:57 +0000] "GET /api/add_cookie HTTP/1.1" 404 978
::1 - - [20/Jan/2023:19:51:16 +0000] "GET /api/add_cookie HTTP/1.1" 302 46
::1 - - [20/Jan/2023:19:51:16 +0000] "GET / HTTP/1.1" 304 -
::1 - - [20/Jan/2023:19:51:16 +0000] "GET /stylesheets/style.css HTTP/1.1" 304 -
::1 - - [20/Jan/2023:19:52:25 +0000] "GET / HTTP/1.1" 304 -
::1 - - [20/Jan/2023:19:52:25 +0000] "GET /stylesheets/style.css HTTP/1.1" 304 -
::1 - - [20/Jan/2023:19:52:32 +0000] "GET / HTTP/1.1" 304 -
::1 - - [20/Jan/2023:19:52:32 +0000] "GET /stylesheets/style.css HTTP/1.1" 304 -
::1 - - [20/Jan/2023:19:52:34 +0000] "GET /api/trigger_session HTTP/1.1" 404 978
::1 - - [20/Jan/2023:19:52:37 +0000] "GET /api/add_cookie HTTP/1.1" 404 978
::1 - - [20/Jan/2023:19:53:13 +0000] "GET /api/add_cookie HTTP/1.1" 404 978
::ffff:127.0.0.1 - - [20/Jan/2023:19:53:14 +0000] "GET /api/add_cookie HTTP/1.1" 404 978
::1 - - [20/Jan/2023:19:53:26 +0000] "GET /api/add_cookie HTTP/1.1" 404 978
::1 - - [20/Jan/2023:19:53:29 +0000] "GET / HTTP/1.1" 304 -
::1 - - [20/Jan/2023:19:53:29 +0000] "GET /stylesheets/style.css HTTP/1.1" 304 -
::1 - - [20/Jan/2023:19:54:19 +0000] "GET /api/add_cookie HTTP/1.1" 404 978
::1 - - [20/Jan/2023:19:54:57 +0000] "GET /api/add_cookie HTTP/1.1" - -
::1 - - [20/Jan/2023:19:54:58 +0000] "GET /api/add_cookie HTTP/1.1" - -
::1 - - [20/Jan/2023:19:55:09 +0000] "GET /api/add_cookie HTTP/1.1" - -
::1 - - [20/Jan/2023:19:55:09 +0000] "GET / HTTP/1.1" 304 -
::1 - - [20/Jan/2023:19:55:09 +0000] "GET /stylesheets/style.css HTTP/1.1" 304 -
::1 - - [20/Jan/2023:19:55:10 +0000] "GET /google HTTP/1.1" 302 0
::1 - - [20/Jan/2023:19:55:14 +0000] "GET /google/callback?code=4%2F0AWgavddivJZZhdWXoBJXi9KDYwNqLHojbQJSRIc0wtKWsQ6rKfpzo0znXSReNffPI2d22A&scope=email+profile+https%3A%2F%2Fwww.googleapis.com%2Fauth%2Fuserinfo.profile+https%3A%2F%2Fwww.googleapis.com%2Fauth%2Fuserinfo.email+openid&authuser=0&prompt=consent HTTP/1.1" 302 60
::1 - - [20/Jan/2023:19:55:14 +0000] "GET /profile HTTP/1.1" 304 -
::1 - - [20/Jan/2023:19:55:14 +0000] "GET /stylesheets/style.css HTTP/1.1" 304 -
::1 - - [20/Jan/2023:19:55:17 +0000] "GET /exports/csv HTTP/1.1" 200 33
::1 - - [20/Jan/2023:19:55:20 +0000] "GET /exports/csv-20230120095516.csv HTTP/1.1" 200 307
::1 - - [20/Jan/2023:19:55:29 +0000] "GET /logout HTTP/1.1" 302 46
::1 - - [20/Jan/2023:19:55:29 +0000] "GET / HTTP/1.1" 304 -
::1 - - [20/Jan/2023:19:55:29 +0000] "GET /stylesheets/style.css HTTP/1.1" 304 -
::1 - - [20/Jan/2023:19:55:31 +0000] "GET /google HTTP/1.1" 302 0
::1 - - [20/Jan/2023:19:55:34 +0000] "GET /google/callback?code=4%2F0AWgavdeTN9Gk6kIiBv393u1iF9MFaOMqtIqLhk2xPnUEo2c-4KC_DSqUfuQtqzUeZEMYqw&scope=email+profile+https%3A%2F%2Fwww.googleapis.com%2Fauth%2Fuserinfo.profile+https%3A%2F%2Fwww.googleapis.com%2Fauth%2Fuserinfo.email+openid&authuser=0&prompt=consent HTTP/1.1" 302 60
::1 - - [20/Jan/2023:19:55:34 +0000] "GET /profile HTTP/1.1" 304 -
::1 - - [20/Jan/2023:19:55:34 +0000] "GET /stylesheets/style.css HTTP/1.1" 304 -
::ffff:127.0.0.1 - - [20/Jan/2023:19:55:47 +0000] "GET /api/add_cookie HTTP/1.1" 404 978
::ffff:127.0.0.1 - - [20/Jan/2023:19:55:51 +0000] "GET /api/add_cookie HTTP/1.1" 404 978
::1 - - [20/Jan/2023:19:56:45 +0000] "GET /api/add_cookie HTTP/1.1" 404 978
::1 - - [20/Jan/2023:19:56:46 +0000] "GET /api/add_cookie HTTP/1.1" 404 978
::1 - - [20/Jan/2023:19:56:59 +0000] "GET /api/add_cookie HTTP/1.1" 302 46
::1 - - [20/Jan/2023:19:56:59 +0000] "GET / HTTP/1.1" 304 -
::1 - - [20/Jan/2023:19:56:59 +0000] "GET /stylesheets/style.css HTTP/1.1" 304 -
::1 - - [20/Jan/2023:19:57:03 +0000] "GET /api/trigger_session HTTP/1.1" 302 46
::1 - - [20/Jan/2023:19:57:03 +0000] "GET / HTTP/1.1" 304 -
::1 - - [20/Jan/2023:19:57:03 +0000] "GET /stylesheets/style.css HTTP/1.1" 304 -
::1 - - [20/Jan/2023:19:57:13 +0000] "GET /api/add_cookie HTTP/1.1" 302 46
::1 - - [20/Jan/2023:19:57:13 +0000] "GET / HTTP/1.1" 304 -
::1 - - [20/Jan/2023:19:57:13 +0000] "GET /stylesheets/style.css HTTP/1.1" 304 -
::1 - - [20/Jan/2023:19:57:30 +0000] "GET / HTTP/1.1" 304 -
::1 - - [20/Jan/2023:19:57:30 +0000] "GET /stylesheets/style.css HTTP/1.1" 304 -
::1 - - [20/Jan/2023:19:57:40 +0000] "GET /api/add_cookie HTTP/1.1" - -
::1 - - [20/Jan/2023:19:58:53 +0000] "GET / HTTP/1.1" 304 -
::1 - - [20/Jan/2023:19:58:53 +0000] "GET /stylesheets/style.css HTTP/1.1" 304 -
::1 - - [20/Jan/2023:20:00:11 +0000] "GET / HTTP/1.1" 200 2616
::1 - - [20/Jan/2023:20:00:11 +0000] "GET /stylesheets/style.css HTTP/1.1" 304 -
::1 - - [20/Jan/2023:20:00:17 +0000] "GET /api/add_cookie HTTP/1.1" 200 19
::1 - - [20/Jan/2023:20:00:25 +0000] "GET /api/trigger_session HTTP/1.1" - -
::1 - - [20/Jan/2023:20:02:43 +0000] "GET /api/trigger_session HTTP/1.1" 200 47
::1 - - [20/Jan/2023:20:04:02 +0000] "GET /api/trigger_session HTTP/1.1" 200 51
::1 - - [20/Jan/2023:20:04:13 +0000] "GET /api/trigger_session HTTP/1.1" 200 30
::1 - - [20/Jan/2023:20:05:21 +0000] "GET /api/trigger_session HTTP/1.1" 200 53
::1 - - [22/Jan/2023:22:16:33 +0000] "GET / HTTP/1.1" 200 2616
::1 - - [22/Jan/2023:22:16:33 +0000] "GET /stylesheets/style.css HTTP/1.1" 304 -
::1 - - [22/Jan/2023:22:19:12 +0000] "GET /api/trigger_session?private_key=P7sjU93vhOlyegPL8am1rJ4PZyLKZzcIIaIikymVGTQn+J72xOoAItZ69CpeqoAKTyx8RwoS7i7QMxsp7HugGXKLSzL3fD0mDhwUE3RHdiQwAl2jIzxLOIoAGvE6W1pbnqhhK076kY4wzyjrTxnx5nDvoZKHXlA1pG2KUNJdWo0=&current_stationID=12 HTTP/1.1" 200 33
::1 - - [22/Jan/2023:22:22:05 +0000] "GET / HTTP/1.1" 304 -
::1 - - [22/Jan/2023:22:22:05 +0000] "GET /stylesheets/style.css HTTP/1.1" 304 -
::1 - - [22/Jan/2023:22:22:08 +0000] "GET /api/trigger_session?private_key=P7sjU93vhOlyegPL8am1rJ4PZyLKZzcIIaIikymVGTQn+J72xOoAItZ69CpeqoAKTyx8RwoS7i7QMxsp7HugGXKLSzL3fD0mDhwUE3RHdiQwAl2jIzxLOIoAGvE6W1pbnqhhK076kY4wzyjrTxnx5nDvoZKHXlA1pG2KUNJdWo0=&current_stationID=1 HTTP/1.1" 200 33
::1 - - [22/Jan/2023:22:22:54 +0000] "GET /api/trigger_session?private_key=P7sjU93vhOlyegPL8am1rJ4PZyLKZzcIIaIikymVGTQn+J72xOoAItZ69CpeqoAKTyx8RwoS7i7QMxsp7HugGXKLSzL3fD0mDhwUE3RHdiQwAl2jIzxLOIoAGvE6W1pbnqhhK076kY4wzyjrTxnx5nDvoZKHXlA1pG2KUNJdWo0=&current_stationID=1 HTTP/1.1" 200 29
::1 - - [22/Jan/2023:22:23:02 +0000] "GET /api/trigger_session?private_key=P7sjU93vhOlyegPL8am1rJ4PZyLKZzcIIaIikymVGTQn+J72xOoAItZ69CpeqoAKTyx8RwoS7i7QMxsp7HugGXKLSzL3fD0mDhwUE3RHdiQwAl2jIzxLOIoAGvE6W1pbnqhhK076kY4wzyjrTxnx5nDvoZKHXlA1pG2KUNJdWo0=&current_stationID=1 HTTP/1.1" 200 29
::1 - - [22/Jan/2023:22:23:06 +0000] "GET /api/trigger_session?private_key=P7sjU93vhOlyegPL8am1rJ4PZyLKZzcIIaIikymVGTQn+J72xOoAItZ69CpeqoAKTyx8RwoS7i7QMxsp7HugGXKLSzL3fD0mDhwUE3RHdiQwAl2jIzxLOIoAGvE6W1pbnqhhK076kY4wzyjrTxnx5nDvoZKHXlA1pG2KUNJdWo0=&current_stationID=12 HTTP/1.1" 200 29
::1 - - [22/Jan/2023:22:23:13 +0000] "GET /api/trigger_session?private_key=P7sjU93vhOlyegPL8am1rJ4PZyLKZzcIIaIikymVGTQn+J72xOoAItZ69CpeqoAKTyx8RwoS7i7QMxsp7HugGXKLSzL3fD0mDhwUE3RHdiQwAl2jIzxLOIoAGvE6W1pbnqhhK076kY4wzyjrTxnx5nDvoZKHXlA1pG2KUNJdWo0=&current_stationID=13 HTTP/1.1" 200 29
::1 - - [22/Jan/2023:22:31:40 +0000] "GET /google HTTP/1.1" 302 0
::1 - - [22/Jan/2023:22:31:43 +0000] "GET /google/callback?code=4%2F0AWtgzh6cQzbAQeq8AY-IaP6eo5-jwC_CTmTgkN_cKOP5GMOwmcCLTLAI9wP6AAVKqDDVnw&scope=email+profile+https%3A%2F%2Fwww.googleapis.com%2Fauth%2Fuserinfo.profile+https%3A%2F%2Fwww.googleapis.com%2Fauth%2Fuserinfo.email+openid&authuser=0&prompt=consent HTTP/1.1" 302 60
::1 - - [22/Jan/2023:22:31:43 +0000] "GET /profile HTTP/1.1" 304 -
::1 - - [22/Jan/2023:22:31:43 +0000] "GET /stylesheets/style.css HTTP/1.1" 304 -
::1 - - [22/Jan/2023:22:31:46 +0000] "GET /exports/csv HTTP/1.1" 200 33
::1 - - [22/Jan/2023:22:31:49 +0000] "GET /exports/csv-20230123123146.csv HTTP/1.1" 200 438
::1 - - [22/Jan/2023:22:32:11 +0000] "GET /exports/csv HTTP/1.1" 200 33
::1 - - [22/Jan/2023:22:32:15 +0000] "GET /exports/csv-20230123123211.csv HTTP/1.1" 200 438
::1 - - [22/Jan/2023:22:41:49 +0000] "GET /profile HTTP/1.1" 302 46
::1 - - [22/Jan/2023:22:41:49 +0000] "GET / HTTP/1.1" 304 -
::1 - - [22/Jan/2023:22:41:49 +0000] "GET /stylesheets/style.css HTTP/1.1" 304 -
::1 - - [22/Jan/2023:22:41:51 +0000] "GET /google HTTP/1.1" 302 0
::1 - - [22/Jan/2023:22:41:54 +0000] "GET /google/callback?code=4%2F0AWtgzh4yu44_wxNiFzgtKmz23_6JiNCUrH676kL_Cp1qMdKauEcXoQlvBuw8yHOjb-PP8Q&scope=email+profile+https%3A%2F%2Fwww.googleapis.com%2Fauth%2Fuserinfo.profile+https%3A%2F%2Fwww.googleapis.com%2Fauth%2Fuserinfo.email+openid&authuser=0&prompt=consent HTTP/1.1" 302 60
::1 - - [22/Jan/2023:22:41:54 +0000] "GET /profile HTTP/1.1" 200 2909
::1 - - [22/Jan/2023:22:41:54 +0000] "GET /stylesheets/style.css HTTP/1.1" 304 -
::1 - - [22/Jan/2023:22:41:56 +0000] "GET /exports/csv HTTP/1.1" 302 106
::1 - - [22/Jan/2023:22:41:56 +0000] "GET /exports/csv-20230123124156.csv HTTP/1.1" 200 438
::1 - - [22/Jan/2023:22:43:32 +0000] "GET /profile HTTP/1.1" 304 -
::1 - - [22/Jan/2023:22:43:32 +0000] "GET /stylesheets/style.css HTTP/1.1" 304 -
::1 - - [22/Jan/2023:22:43:35 +0000] "GET /profile HTTP/1.1" 304 -
::1 - - [22/Jan/2023:22:43:35 +0000] "GET /stylesheets/style.css HTTP/1.1" 304 -
::1 - - [22/Jan/2023:22:43:36 +0000] "GET /profile HTTP/1.1" 304 -
::1 - - [22/Jan/2023:22:43:36 +0000] "GET /stylesheets/style.css HTTP/1.1" 304 -
::1 - - [22/Jan/2023:22:43:38 +0000] "GET /profile HTTP/1.1" 304 -
::1 - - [22/Jan/2023:22:43:38 +0000] "GET /stylesheets/style.css HTTP/1.1" 304 -
::1 - - [22/Jan/2023:22:43:41 +0000] "GET /exports/csv HTTP/1.1" 302 106
::1 - - [22/Jan/2023:22:43:41 +0000] "GET /exports/csv-20230123124341.csv HTTP/1.1" 200 438
::1 - - [22/Jan/2023:22:44:02 +0000] "GET /profile HTTP/1.1" 304 -
::1 - - [22/Jan/2023:22:44:02 +0000] "GET /stylesheets/style.css HTTP/1.1" 304 -
::1 - - [22/Jan/2023:22:44:08 +0000] "GET /profile HTTP/1.1" 304 -
::1 - - [22/Jan/2023:22:44:08 +0000] "GET /stylesheets/style.css HTTP/1.1" 304 -
::1 - - [22/Jan/2023:22:44:09 +0000] "GET /profile HTTP/1.1" 304 -
::1 - - [22/Jan/2023:22:44:09 +0000] "GET /stylesheets/style.css HTTP/1.1" 304 -
::1 - - [22/Jan/2023:22:44:11 +0000] "GET /profile HTTP/1.1" 304 -
::1 - - [22/Jan/2023:22:44:11 +0000] "GET /stylesheets/style.css HTTP/1.1" 304 -
::1 - - [22/Jan/2023:22:44:13 +0000] "GET /exports/csv HTTP/1.1" 302 106
::1 - - [22/Jan/2023:22:44:13 +0000] "GET /exports/csv-20230123124413.csv HTTP/1.1" 200 438
::1 - - [22/Jan/2023:22:49:19 +0000] "GET /api/trigger_session?private_key=P7sjU93vhOlyegPL8am1rJ4PZyLKZzcIIaIikymVGTQn+J72xOoAItZ69CpeqoAKTyx8RwoS7i7QMxsp7HugGXKLSzL3fD0mDhwUE3RHdiQwAl2jIzxLOIoAGvE6W1pbnqhhK076kY4wzyjrTxnx5nDvoZKHXlA1pG2KUNJdWo0=&current_stationID=13 HTTP/1.1" 200 29
::1 - - [22/Jan/2023:22:50:16 +0000] "GET /api/trigger_session?=&= HTTP/1.1" 200 29
::1 - - [22/Jan/2023:22:50:23 +0000] "GET /api/trigger_session?=&= HTTP/1.1" 200 29
::1 - - [22/Jan/2023:22:52:14 +0000] "GET /api/trigger_session HTTP/1.1" 200 29
::1 - - [22/Jan/2023:22:52:44 +0000] "GET /api/trigger_session HTTP/1.1" 200 29
::1 - - [22/Jan/2023:22:53:11 +0000] "GET /api/trigger_session HTTP/1.1" 200 36
::1 - - [22/Jan/2023:22:53:28 +0000] "GET /api/trigger_session HTTP/1.1" 200 36
::1 - - [22/Jan/2023:22:53:58 +0000] "POST /api/trigger_session HTTP/1.1" 200 36
::1 - - [22/Jan/2023:22:54:27 +0000] "POST /api/trigger_session HTTP/1.1" 200 36
::1 - - [22/Jan/2023:22:55:08 +0000] "POST /api/trigger_session HTTP/1.1" 500 53
::1 - - [22/Jan/2023:22:55:29 +0000] "GET /api/trigger_session HTTP/1.1" 500 53
::1 - - [22/Jan/2023:22:56:05 +0000] "GET /api/trigger_session HTTP/1.1" 200 53
::1 - - [22/Jan/2023:22:57:59 +0000] "GET /api/trigger_session HTTP/1.1" 200 53
::1 - - [22/Jan/2023:22:59:32 +0000] "GET /api/trigger_session HTTP/1.1" 200 53
::1 - - [22/Jan/2023:23:00:09 +0000] "GET /api/trigger_session HTTP/1.1" 404 158
::1 - - [22/Jan/2023:23:00:27 +0000] "GET /api/trigger_session HTTP/1.1" 404 158
::1 - - [22/Jan/2023:23:00:47 +0000] "GET /api/trigger_session HTTP/1.1" 404 978
::1 - - [22/Jan/2023:23:01:18 +0000] "GET /api/trigger_session HTTP/1.1" 404 978
::1 - - [22/Jan/2023:23:11:26 +0000] "GET /api/trigger_session HTTP/1.1" 404 978
::1 - - [22/Jan/2023:23:11:50 +0000] "GET /api/trigger_session HTTP/1.1" 404 978
::1 - - [22/Jan/2023:23:12:04 +0000] "GET /api/trigger_session HTTP/1.1" 404 978
::1 - - [22/Jan/2023:23:12:14 +0000] "GET /api/trigger_session HTTP/1.1" 404 978
::1 - - [22/Jan/2023:23:12:48 +0000] "GET /api/trigger_session HTTP/1.1" 500 1299
::1 - - [22/Jan/2023:23:13:04 +0000] "GET /api/trigger_session HTTP/1.1" 404 978
::1 - - [22/Jan/2023:23:16:25 +0000] "GET /api/trigger_session HTTP/1.1" 404 978
::1 - - [22/Jan/2023:23:16:57 +0000] "GET /api/trigger_session HTTP/1.1" 404 978
::1 - - [22/Jan/2023:23:17:50 +0000] "GET /api/trigger_session HTTP/1.1" 404 978
::1 - - [22/Jan/2023:23:19:21 +0000] "GET /api/trigger_session HTTP/1.1" 404 978
::1 - - [22/Jan/2023:23:19:34 +0000] "GET /api/trigger_session HTTP/1.1" 404 978
::1 - - [22/Jan/2023:23:20:43 +0000] "GET /api/trigger_session HTTP/1.1" 404 978
::1 - - [22/Jan/2023:23:21:15 +0000] "GET /api/trigger_session HTTP/1.1" 404 978
::1 - - [22/Jan/2023:23:23:00 +0000] "GET /api/trigger_session HTTP/1.1" 404 978
::1 - - [22/Jan/2023:23:23:31 +0000] "GET /api/trigger_session HTTP/1.1" 404 978
::1 - - [22/Jan/2023:23:24:59 +0000] "GET /api/trigger_session HTTP/1.1" 404 158
::1 - - [22/Jan/2023:23:25:26 +0000] "GET /api/trigger_session HTTP/1.1" 404 1083
::1 - - [22/Jan/2023:23:25:33 +0000] "GET /api/trigger_session HTTP/1.1" 404 1083
::1 - - [22/Jan/2023:23:25:51 +0000] "GET /api/trigger_session HTTP/1.1" 404 1083
::1 - - [22/Jan/2023:23:26:53 +0000] "GET /api/trigger_session HTTP/1.1" 404 1083
::1 - - [22/Jan/2023:23:27:39 +0000] "GET /api/trigger_session HTTP/1.1" 404 1083
::1 - - [22/Jan/2023:23:28:34 +0000] "GET /api/trigger_session HTTP/1.1" 404 978
::1 - - [22/Jan/2023:23:32:23 +0000] "GET /api/trigger_session HTTP/1.1" 404 978
::1 - - [22/Jan/2023:23:32:51 +0000] "GET /api/trigger_session HTTP/1.1" 404 978
::1 - - [22/Jan/2023:23:33:39 +0000] "GET /api/trigger_session HTTP/1.1" 200 56
::1 - - [22/Jan/2023:23:34:04 +0000] "GET /api/trigger_session HTTP/1.1" 404 978
::1 - - [22/Jan/2023:23:38:18 +0000] "GET /api/trigger_session HTTP/1.1" 200 56
::1 - - [22/Jan/2023:23:38:24 +0000] "GET /api/trigger_session HTTP/1.1" 200 149
::1 - - [22/Jan/2023:23:38:36 +0000] "GET /api/add_cookie HTTP/1.1" 200 29
::1 - - [22/Jan/2023:23:56:12 +0000] "GET /api/trigger_session HTTP/1.1" 200 56
::1 - - [22/Jan/2023:23:56:16 +0000] "GET /api/trigger_session HTTP/1.1" 200 149
::1 - - [22/Jan/2023:23:56:51 +0000] "GET /api/trigger_session HTTP/1.1" 200 57
::1 - - [22/Jan/2023:23:56:53 +0000] "GET /api/trigger_session HTTP/1.1" 200 149
::1 - - [22/Jan/2023:23:57:46 +0000] "GET /api/trigger_session HTTP/1.1" 200 57
::1 - - [22/Jan/2023:23:57:50 +0000] "GET /api/trigger_session HTTP/1.1" 200 56
::1 - - [22/Jan/2023:23:57:53 +0000] "GET /api/trigger_session HTTP/1.1" 200 149
::1 - - [22/Jan/2023:23:58:19 +0000] "GET /api/trigger_session HTTP/1.1" 200 64
::1 - - [22/Jan/2023:23:58:24 +0000] "GET /api/trigger_session HTTP/1.1" 200 63
::1 - - [22/Jan/2023:23:58:28 +0000] "GET /api/trigger_session HTTP/1.1" 200 149
::1 - - [22/Jan/2023:23:58:48 +0000] "GET /api/add_cookie HTTP/1.1" 200 85
::1 - - [22/Jan/2023:23:58:55 +0000] "GET /api/add_cookie HTTP/1.1" 200 60
::1 - - [22/Jan/2023:23:59:02 +0000] "GET /api/add_cookie HTTP/1.1" 200 60
